<?xml version="1.0" encoding="UTF-8"?>
<testsuite xmlns:xsi="http://www.w3.org/2001/XMLSchema-instance" xsi:noNamespaceSchemaLocation="https://maven.apache.org/surefire/maven-surefire-plugin/xsd/surefire-test-report.xsd" version="3.0.2" name="familycat.AlexTest" time="0.274" tests="4" errors="0" skipped="0" failures="0">
  <properties>
[...]
</properties>
  <testcase name="getPlaceOfLiving_ReturnsZoo" classname="familycat.AlexTest" time="0.272"/>
  <testcase name="getFriends_ReturnsCorrectList" classname="familycat.AlexTest" time="0.0"/>
  <testcase name="isMaleLion_HasMane" classname="familycat.AlexTest" time="0.0"/>
  <testcase name="getKittens_ReturnsZero" classname="familycat.AlexTest" time="0.001"/>
</testsuite>